flash-chat-flutter/build/app/intermediates/manifest_merge_blame_file/release/manifest-merger-blame-release-report.txt
1<?xml version="1.0" encoding="utf-8"?>
2<manifest xmlns:android="http://schemas.android.com/apk/res/android"
3    package="co.elRomanov.flash_chat"
4    android:versionCode="1"
5    android:versionName="1.0.0" >
6
7    <uses-sdk
8        android:minSdkVersion="16"
8-->src\main\AndroidManifest.xml
9        android:targetSdkVersion="29" />
9-->src\main\AndroidManifest.xml
10
11    <!--
12         io.flutter.app.FlutterApplication is an android.app.Application that
13         calls FlutterMain.startInitialization(this); in its onCreate method.
14         In most cases you can leave this as-is, but you if you want to provide
15         additional functionality it is fine to subclass or reimplement
16         FlutterApplication and put your custom class here.
17    -->
18    <uses-permission android:name="android.permission.INTERNET" />
18-->src\main\AndroidManifest.xml:9:5-66
18-->src\main\AndroidManifest.xml:9:22-64
19    <uses-permission android:name="android.permission.ACCESS_NETWORK_STATE" />
19-->[com.google.firebase:firebase-auth:21.0.1] AndroidManifest.xml:24:5-79
19-->[com.google.firebase:firebase-auth:21.0.1] AndroidManifest.xml:24:22-76
20    <uses-permission android:name="android.permission.WAKE_LOCK" />
20-->[com.google.android.gms:play-services-measurement-api:19.0.0] AndroidManifest.xml:24:5-68
20-->[com.google.android.gms:play-services-measurement-api:19.0.0] AndroidManifest.xml:24:22-65
21    <uses-permission android:name="com.google.android.finsky.permission.BIND_GET_INSTALL_REFERRER_SERVICE" />
21-->[com.google.android.gms:play-services-measurement:19.0.0] AndroidManifest.xml:26:5-110
21-->[com.google.android.gms:play-services-measurement:19.0.0] AndroidManifest.xml:26:22-107
22
23    <application
23-->src\main\AndroidManifest.xml:10:5-33:19
24        android:name="io.flutter.app.FlutterApplication"
24-->src\main\AndroidManifest.xml:11:9-57
25        android:appComponentFactory="androidx.core.app.CoreComponentFactory"
25-->[androidx.core:core:1.1.0] AndroidManifest.xml:24:18-86
26        android:icon="@mipmap/ic_launcher"
26-->src\main\AndroidManifest.xml:13:9-43
27        android:label="Flash chat" >
27-->src\main\AndroidManifest.xml:12:9-35
28        <activity
28-->src\main\AndroidManifest.xml:14:9-32:20
29            android:name="co.appbrewery.flash_chat.MainActivity"
29-->src\main\AndroidManifest.xml:15:13-41
30            android:configChanges="orientation|keyboardHidden|keyboard|screenSize|locale|layoutDirection|fontScale|screenLayout|density|uiMode"
30-->src\main\AndroidManifest.xml:18:13-144
31            android:hardwareAccelerated="true"
31-->src\main\AndroidManifest.xml:19:13-47
32            android:launchMode="singleTop"
32-->src\main\AndroidManifest.xml:16:13-43
33            android:theme="@style/LaunchTheme"
33-->src\main\AndroidManifest.xml:17:13-47
34            android:windowSoftInputMode="adjustResize" >
34-->src\main\AndroidManifest.xml:20:13-55
35
36            <!--
37                 This keeps the window background of the activity showing
38                 until Flutter renders its first frame. It can be removed if
39                 there is no splash screen (such as the default splash screen
40                 defined in @style/LaunchTheme).
41            -->
42            <meta-data
42-->src\main\AndroidManifest.xml:25:13-27:40
43                android:name="io.flutter.app.android.SplashScreenUntilFirstFrame"
43-->src\main\AndroidManifest.xml:26:17-82
44                android:value="true" />
44-->src\main\AndroidManifest.xml:27:17-37
45
46            <intent-filter>
46-->src\main\AndroidManifest.xml:28:13-31:29
47                <action android:name="android.intent.action.MAIN" />
47-->src\main\AndroidManifest.xml:29:17-68
47-->src\main\AndroidManifest.xml:29:25-66
48
49                <category android:name="android.intent.category.LAUNCHER" />
49-->src\main\AndroidManifest.xml:30:17-76
49-->src\main\AndroidManifest.xml:30:27-74
50            </intent-filter>
51        </activity>
52
53        <service
53-->[:firebase_auth] AndroidManifest.xml:8:9-12:19
54            android:name="com.google.firebase.components.ComponentDiscoveryService"
54-->[:firebase_auth] AndroidManifest.xml:8:18-89
55            android:directBootAware="true"
55-->[com.google.firebase:firebase-common:20.0.0] AndroidManifest.xml:35:13-43
56            android:exported="false" >
56-->[com.google.firebase:firebase-auth:21.0.1] AndroidManifest.xml:76:13-37
57            <meta-data
57-->[:firebase_auth] AndroidManifest.xml:9:13-11:85
58                android:name="com.google.firebase.components:io.flutter.plugins.firebase.auth.FlutterFirebaseAuthRegistrar"
58-->[:firebase_auth] AndroidManifest.xml:10:17-124
59                android:value="com.google.firebase.components.ComponentRegistrar" />
59-->[:firebase_auth] AndroidManifest.xml:11:17-82
60            <meta-data
60-->[:cloud_firestore] AndroidManifest.xml:9:13-11:85
61                android:name="com.google.firebase.components:io.flutter.plugins.firebase.firestore.FlutterFirebaseFirestoreRegistrar"
61-->[:cloud_firestore] AndroidManifest.xml:10:17-134
62                android:value="com.google.firebase.components.ComponentRegistrar" />
62-->[:cloud_firestore] AndroidManifest.xml:11:17-82
63            <meta-data
63-->[:firebase_core] AndroidManifest.xml:9:13-11:85
64                android:name="com.google.firebase.components:io.flutter.plugins.firebase.core.FlutterFirebaseCoreRegistrar"
64-->[:firebase_core] AndroidManifest.xml:10:17-124
65                android:value="com.google.firebase.components.ComponentRegistrar" />
65-->[:firebase_core] AndroidManifest.xml:11:17-82
66            <meta-data
66-->[com.google.firebase:firebase-auth:21.0.1] AndroidManifest.xml:77:13-79:85
67                android:name="com.google.firebase.components:com.google.firebase.auth.FirebaseAuthRegistrar"
67-->[com.google.firebase:firebase-auth:21.0.1] AndroidManifest.xml:78:17-109
68                android:value="com.google.firebase.components.ComponentRegistrar" />
68-->[com.google.firebase:firebase-auth:21.0.1] AndroidManifest.xml:79:17-82
69            <meta-data
69-->[com.google.firebase:firebase-firestore:23.0.1] AndroidManifest.xml:20:13-22:85
70                android:name="com.google.firebase.components:com.google.firebase.firestore.FirestoreRegistrar"
70-->[com.google.firebase:firebase-firestore:23.0.1] AndroidManifest.xml:21:17-111
71                android:value="com.google.firebase.components.ComponentRegistrar" />
71-->[com.google.firebase:firebase-firestore:23.0.1] AndroidManifest.xml:22:17-82
72            <meta-data
72-->[com.google.android.gms:play-services-measurement-api:19.0.0] AndroidManifest.xml:30:13-32:85
73                android:name="com.google.firebase.components:com.google.firebase.analytics.connector.internal.AnalyticsConnectorRegistrar"
73-->[com.google.android.gms:play-services-measurement-api:19.0.0] AndroidManifest.xml:31:17-139
74                android:value="com.google.firebase.components.ComponentRegistrar" />
74-->[com.google.android.gms:play-services-measurement-api:19.0.0] AndroidManifest.xml:32:17-82
75            <meta-data
75-->[com.google.firebase:firebase-installations:17.0.0] AndroidManifest.xml:18:13-20:85
76                android:name="com.google.firebase.components:com.google.firebase.installations.FirebaseInstallationsRegistrar"
76-->[com.google.firebase:firebase-installations:17.0.0] AndroidManifest.xml:19:17-127
77                android:value="com.google.firebase.components.ComponentRegistrar" />
77-->[com.google.firebase:firebase-installations:17.0.0] AndroidManifest.xml:20:17-82
78        </service>
79
80        <activity
80-->[com.google.firebase:firebase-auth:21.0.1] AndroidManifest.xml:27:9-44:20
81            android:name="com.google.firebase.auth.internal.GenericIdpActivity"
81-->[com.google.firebase:firebase-auth:21.0.1] AndroidManifest.xml:28:13-80
82            android:excludeFromRecents="true"
82-->[com.google.firebase:firebase-auth:21.0.1] AndroidManifest.xml:29:13-46
83            android:exported="true"
83-->[com.google.firebase:firebase-auth:21.0.1] AndroidManifest.xml:30:13-36
84            android:launchMode="singleTask"
84-->[com.google.firebase:firebase-auth:21.0.1] AndroidManifest.xml:31:13-44
85            android:theme="@android:style/Theme.Translucent.NoTitleBar" >
85-->[com.google.firebase:firebase-auth:21.0.1] AndroidManifest.xml:32:13-72
86            <intent-filter>
86-->[com.google.firebase:firebase-auth:21.0.1] AndroidManifest.xml:33:13-43:29
87                <action android:name="android.intent.action.VIEW" />
87-->[com.google.firebase:firebase-auth:21.0.1] AndroidManifest.xml:34:17-69
87-->[com.google.firebase:firebase-auth:21.0.1] AndroidManifest.xml:34:25-66
88
89                <category android:name="android.intent.category.DEFAULT" />
89-->[com.google.firebase:firebase-auth:21.0.1] AndroidManifest.xml:36:17-76
89-->[com.google.firebase:firebase-auth:21.0.1] AndroidManifest.xml:36:27-73
90                <category android:name="android.intent.category.BROWSABLE" />
90-->[com.google.firebase:firebase-auth:21.0.1] AndroidManifest.xml:37:17-78
90-->[com.google.firebase:firebase-auth:21.0.1] AndroidManifest.xml:37:27-75
91
92                <data
92-->[com.google.firebase:firebase-auth:21.0.1] AndroidManifest.xml:39:17-42:51
93                    android:host="firebase.auth"
93-->[com.google.firebase:firebase-auth:21.0.1] AndroidManifest.xml:40:21-49
94                    android:path="/"
94-->[com.google.firebase:firebase-auth:21.0.1] AndroidManifest.xml:41:21-37
95                    android:scheme="genericidp" />
95-->[com.google.firebase:firebase-auth:21.0.1] AndroidManifest.xml:42:21-48
96            </intent-filter>
97        </activity>
98        <activity
98-->[com.google.firebase:firebase-auth:21.0.1] AndroidManifest.xml:45:9-62:20
99            android:name="com.google.firebase.auth.internal.RecaptchaActivity"
99-->[com.google.firebase:firebase-auth:21.0.1] AndroidManifest.xml:46:13-79
100            android:excludeFromRecents="true"
100-->[com.google.firebase:firebase-auth:21.0.1] AndroidManifest.xml:47:13-46
101            android:exported="true"
101-->[com.google.firebase:firebase-auth:21.0.1] AndroidManifest.xml:48:13-36
102            android:launchMode="singleTask"
102-->[com.google.firebase:firebase-auth:21.0.1] AndroidManifest.xml:49:13-44
103            android:theme="@android:style/Theme.Translucent.NoTitleBar" >
103-->[com.google.firebase:firebase-auth:21.0.1] AndroidManifest.xml:50:13-72
104            <intent-filter>
104-->[com.google.firebase:firebase-auth:21.0.1] AndroidManifest.xml:51:13-61:29
105                <action android:name="android.intent.action.VIEW" />
105-->[com.google.firebase:firebase-auth:21.0.1] AndroidManifest.xml:34:17-69
105-->[com.google.firebase:firebase-auth:21.0.1] AndroidManifest.xml:34:25-66
106
107                <category android:name="android.intent.category.DEFAULT" />
107-->[com.google.firebase:firebase-auth:21.0.1] AndroidManifest.xml:36:17-76
107-->[com.google.firebase:firebase-auth:21.0.1] AndroidManifest.xml:36:27-73
108                <category android:name="android.intent.category.BROWSABLE" />
108-->[com.google.firebase:firebase-auth:21.0.1] AndroidManifest.xml:37:17-78
108-->[com.google.firebase:firebase-auth:21.0.1] AndroidManifest.xml:37:27-75
109
110                <data
110-->[com.google.firebase:firebase-auth:21.0.1] AndroidManifest.xml:39:17-42:51
111                    android:host="firebase.auth"
111-->[com.google.firebase:firebase-auth:21.0.1] AndroidManifest.xml:40:21-49
112                    android:path="/"
112-->[com.google.firebase:firebase-auth:21.0.1] AndroidManifest.xml:41:21-37
113                    android:scheme="recaptcha" />
113-->[com.google.firebase:firebase-auth:21.0.1] AndroidManifest.xml:42:21-48
114            </intent-filter>
115        </activity>
116
117        <service
117-->[com.google.firebase:firebase-auth:21.0.1] AndroidManifest.xml:64:9-73:19
118            android:name="com.google.firebase.auth.api.fallback.service.FirebaseAuthFallbackService"
118-->[com.google.firebase:firebase-auth:21.0.1] AndroidManifest.xml:65:13-101
119            android:enabled="true"
119-->[com.google.firebase:firebase-auth:21.0.1] AndroidManifest.xml:66:13-35
120            android:exported="false" >
120-->[com.google.firebase:firebase-auth:21.0.1] AndroidManifest.xml:67:13-37
121            <intent-filter>
121-->[com.google.firebase:firebase-auth:21.0.1] AndroidManifest.xml:68:13-72:29
122                <action android:name="com.google.firebase.auth.api.gms.service.START" />
122-->[com.google.firebase:firebase-auth:21.0.1] AndroidManifest.xml:69:17-89
122-->[com.google.firebase:firebase-auth:21.0.1] AndroidManifest.xml:69:25-86
123
124                <category android:name="android.intent.category.DEFAULT" />
124-->[com.google.firebase:firebase-auth:21.0.1] AndroidManifest.xml:36:17-76
124-->[com.google.firebase:firebase-auth:21.0.1] AndroidManifest.xml:36:27-73
125            </intent-filter>
126        </service>
127
128        <provider
128-->[com.google.firebase:firebase-common:20.0.0] AndroidManifest.xml:26:9-31:39
129            android:name="com.google.firebase.provider.FirebaseInitProvider"
129-->[com.google.firebase:firebase-common:20.0.0] AndroidManifest.xml:27:13-77
130            android:authorities="co.elRomanov.flash_chat.firebaseinitprovider"
130-->[com.google.firebase:firebase-common:20.0.0] AndroidManifest.xml:28:13-72
131            android:directBootAware="true"
131-->[com.google.firebase:firebase-common:20.0.0] AndroidManifest.xml:29:13-43
132            android:exported="false"
132-->[com.google.firebase:firebase-common:20.0.0] AndroidManifest.xml:30:13-37
133            android:initOrder="100" />
133-->[com.google.firebase:firebase-common:20.0.0] AndroidManifest.xml:31:13-36
134
135        <activity
135-->[com.google.android.gms:play-services-base:17.1.0] AndroidManifest.xml:23:9-26:75
136            android:name="com.google.android.gms.common.api.GoogleApiActivity"
136-->[com.google.android.gms:play-services-base:17.1.0] AndroidManifest.xml:24:13-79
137            android:exported="false"
137-->[com.google.android.gms:play-services-base:17.1.0] AndroidManifest.xml:25:13-37
138            android:theme="@android:style/Theme.Translucent.NoTitleBar" />
138-->[com.google.android.gms:play-services-base:17.1.0] AndroidManifest.xml:26:13-72
139
140        <receiver
140-->[com.google.android.gms:play-services-measurement:19.0.0] AndroidManifest.xml:29:9-33:20
141            android:name="com.google.android.gms.measurement.AppMeasurementReceiver"
141-->[com.google.android.gms:play-services-measurement:19.0.0] AndroidManifest.xml:30:13-85
142            android:enabled="true"
142-->[com.google.android.gms:play-services-measurement:19.0.0] AndroidManifest.xml:31:13-35
143            android:exported="false" >
143-->[com.google.android.gms:play-services-measurement:19.0.0] AndroidManifest.xml:32:13-37
144        </receiver>
145
146        <service
146-->[com.google.android.gms:play-services-measurement:19.0.0] AndroidManifest.xml:35:9-38:40
147            android:name="com.google.android.gms.measurement.AppMeasurementService"
147-->[com.google.android.gms:play-services-measurement:19.0.0] AndroidManifest.xml:36:13-84
148            android:enabled="true"
148-->[com.google.android.gms:play-services-measurement:19.0.0] AndroidManifest.xml:37:13-35
149            android:exported="false" />
149-->[com.google.android.gms:play-services-measurement:19.0.0] AndroidManifest.xml:38:13-37
150        <service
150-->[com.google.android.gms:play-services-measurement:19.0.0] AndroidManifest.xml:39:9-43:72
151            android:name="com.google.android.gms.measurement.AppMeasurementJobService"
151-->[com.google.android.gms:play-services-measurement:19.0.0] AndroidManifest.xml:40:13-87
152            android:enabled="true"
152-->[com.google.android.gms:play-services-measurement:19.0.0] AndroidManifest.xml:41:13-35
153            android:exported="false"
153-->[com.google.android.gms:play-services-measurement:19.0.0] AndroidManifest.xml:42:13-37
154            android:permission="android.permission.BIND_JOB_SERVICE" />
154-->[com.google.android.gms:play-services-measurement:19.0.0] AndroidManifest.xml:43:13-69
155
156        <meta-data
156-->[com.google.android.gms:play-services-basement:17.1.0] AndroidManifest.xml:23:9-25:69
157            android:name="com.google.android.gms.version"
157-->[com.google.android.gms:play-services-basement:17.1.0] AndroidManifest.xml:24:13-58
158            android:value="@integer/google_play_services_version" />
158-->[com.google.android.gms:play-services-basement:17.1.0] AndroidManifest.xml:25:13-66
159    </application>
160
161</manifest>